0 info it worked if it ends with ok
1 verbose cli [ '/usr/bin/node', '/usr/bin/npm', 'install', 'chalk' ]
2 info using npm@3.5.2
3 info using node@v8.10.0
4 silly loadCurrentTree Starting
5 silly install loadCurrentTree
6 silly install readLocalPackageData
7 silly fetchPackageMetaData chalk
8 silly fetchNamedPackageData chalk
9 silly mapToRegistry name chalk
10 silly mapToRegistry using default registry
11 silly mapToRegistry registry https://registry.npmjs.org/
12 silly mapToRegistry uri https://registry.npmjs.org/chalk
13 verbose request uri https://registry.npmjs.org/chalk
14 verbose request no auth needed
15 info attempt registry request try #1 at 10:30:45 AM
16 verbose request id 6152b02b85a2b2ec
17 verbose etag W/"7e89694a58ccdd0ee0c4c56b4bdd868b"
18 verbose lastModified Fri, 26 Aug 2022 22:48:01 GMT
19 http request GET https://registry.npmjs.org/chalk
20 http 304 https://registry.npmjs.org/chalk
21 verbose headers { date: 'Wed, 21 Sep 2022 17:30:45 GMT',
21 verbose headers   connection: 'keep-alive',
21 verbose headers   'cf-ray': '74e487d18dd49645-SJC',
21 verbose headers   age: '37',
21 verbose headers   'cache-control': 'public, max-age=300',
21 verbose headers   etag: '"7e89694a58ccdd0ee0c4c56b4bdd868b"',
21 verbose headers   'last-modified': 'Fri, 26 Aug 2022 22:48:01 GMT',
21 verbose headers   vary: 'Accept-Encoding',
21 verbose headers   'cf-cache-status': 'HIT',
21 verbose headers   'x-amz-replication-status': 'COMPLETED',
21 verbose headers   server: 'cloudflare' }
22 silly get cb [ 304,
22 silly get   { date: 'Wed, 21 Sep 2022 17:30:45 GMT',
22 silly get     connection: 'keep-alive',
22 silly get     'cf-ray': '74e487d18dd49645-SJC',
22 silly get     age: '37',
22 silly get     'cache-control': 'public, max-age=300',
22 silly get     etag: '"7e89694a58ccdd0ee0c4c56b4bdd868b"',
22 silly get     'last-modified': 'Fri, 26 Aug 2022 22:48:01 GMT',
22 silly get     vary: 'Accept-Encoding',
22 silly get     'cf-cache-status': 'HIT',
22 silly get     'x-amz-replication-status': 'COMPLETED',
22 silly get     server: 'cloudflare' } ]
23 verbose etag https://registry.npmjs.org/chalk from cache
24 verbose get saving chalk to /home/jkearns/.npm/registry.npmjs.org/chalk/.cache.json
25 silly install normalizeTree
26 silly loadCurrentTree Finishing
27 silly loadIdealTree Starting
28 silly install loadIdealTree
29 silly cloneCurrentTree Starting
30 silly install cloneCurrentTreeToIdealTree
31 silly cloneCurrentTree Finishing
32 silly loadShrinkwrap Starting
33 silly install loadShrinkwrap
34 silly loadShrinkwrap Finishing
35 silly loadAllDepsIntoIdealTree Starting
36 silly install loadAllDepsIntoIdealTree
37 verbose stack Error: Missing required argument #1
37 verbose stack     at andLogAndFinish (/usr/share/npm/lib/fetch-package-metadata.js:31:3)
37 verbose stack     at fetchPackageMetadata (/usr/share/npm/lib/fetch-package-metadata.js:51:22)
37 verbose stack     at resolveWithNewModule (/usr/share/npm/lib/install/deps.js:456:12)
37 verbose stack     at /usr/share/npm/lib/install/deps.js:190:5
37 verbose stack     at /usr/share/npm/node_modules/slide/lib/async-map.js:52:35
37 verbose stack     at Array.forEach (<anonymous>)
37 verbose stack     at /usr/share/npm/node_modules/slide/lib/async-map.js:52:11
37 verbose stack     at Array.forEach (<anonymous>)
37 verbose stack     at asyncMap (/usr/share/npm/node_modules/slide/lib/async-map.js:51:8)
37 verbose stack     at exports.loadRequestedDeps (/usr/share/npm/lib/install/deps.js:188:3)
38 verbose cwd /home/jkearns/mcsp15/node_example/learning_npm
39 error Linux 5.10.16.3-microsoft-standard-WSL2
40 error argv "/usr/bin/node" "/usr/bin/npm" "install" "chalk"
41 error node v8.10.0
42 error npm  v3.5.2
43 error code EMISSINGARG
44 error typeerror Error: Missing required argument #1
44 error typeerror     at andLogAndFinish (/usr/share/npm/lib/fetch-package-metadata.js:31:3)
44 error typeerror     at fetchPackageMetadata (/usr/share/npm/lib/fetch-package-metadata.js:51:22)
44 error typeerror     at resolveWithNewModule (/usr/share/npm/lib/install/deps.js:456:12)
44 error typeerror     at /usr/share/npm/lib/install/deps.js:190:5
44 error typeerror     at /usr/share/npm/node_modules/slide/lib/async-map.js:52:35
44 error typeerror     at Array.forEach (<anonymous>)
44 error typeerror     at /usr/share/npm/node_modules/slide/lib/async-map.js:52:11
44 error typeerror     at Array.forEach (<anonymous>)
44 error typeerror     at asyncMap (/usr/share/npm/node_modules/slide/lib/async-map.js:51:8)
44 error typeerror     at exports.loadRequestedDeps (/usr/share/npm/lib/install/deps.js:188:3)
45 error typeerror This is an error with npm itself. Please report this error at:
45 error typeerror     <http://github.com/npm/npm/issues>
46 verbose exit [ 1, true ]
